0 info it worked if it ends with ok
1 verbose cli [ '/usr/local/bin/node',
1 verbose cli   '/usr/local/bin/npm',
1 verbose cli   'install',
1 verbose cli   '--save',
1 verbose cli   'child_process' ]
2 info using npm@2.14.20
3 info using node@v4.4.0
4 verbose install initial load of /Users/martyn/node/seneca/api/package.json
5 verbose installManyTop reading scoped package data from /Users/martyn/node/seneca/api/node_modules/cli-color/package.json
6 verbose installManyTop reading scoped package data from /Users/martyn/node/seneca/api/node_modules/js-yaml/package.json
7 verbose installManyTop reading scoped package data from /Users/martyn/node/seneca/api/node_modules/seneca/package.json
8 verbose readDependencies loading dependencies from /Users/martyn/node/seneca/api/package.json
9 silly cache add args [ 'child_process', null ]
10 verbose cache add spec child_process
11 silly cache add parsed spec Result {
11 silly cache add   raw: 'child_process',
11 silly cache add   scope: null,
11 silly cache add   name: 'child_process',
11 silly cache add   rawSpec: '',
11 silly cache add   spec: 'latest',
11 silly cache add   type: 'tag' }
12 silly addNamed child_process@latest
13 verbose addNamed "latest" is being treated as a dist-tag for child_process
14 info addNameTag [ 'child_process', 'latest' ]
15 silly mapToRegistry name child_process
16 silly mapToRegistry using default registry
17 silly mapToRegistry registry https://registry.npmjs.org/
18 silly mapToRegistry uri https://registry.npmjs.org/child_process
19 verbose addNameTag registry:https://registry.npmjs.org/child_process not in flight; fetching
20 verbose request uri https://registry.npmjs.org/child_process
21 verbose request no auth needed
22 info attempt registry request try #1 at 3:19:36 PM
23 verbose request id cd3d20fdbb845fd7
24 http request GET https://registry.npmjs.org/child_process
25 http 404 https://registry.npmjs.org/child_process
26 verbose headers { 'content-type': 'application/json',
26 verbose headers   'cache-control': 'max-age=0',
26 verbose headers   'content-length': '2',
26 verbose headers   'accept-ranges': 'bytes',
26 verbose headers   date: 'Thu, 18 Aug 2016 14:19:36 GMT',
26 verbose headers   via: '1.1 varnish',
26 verbose headers   age: '0',
26 verbose headers   connection: 'keep-alive',
26 verbose headers   'x-served-by': 'cache-lcy1120-LCY',
26 verbose headers   'x-cache': 'MISS',
26 verbose headers   'x-cache-hits': '0',
26 verbose headers   'x-timer': 'S1471529976.785544,VS0,VE108',
26 verbose headers   vary: 'Accept-Encoding' }
27 silly get cb [ 404,
27 silly get   { 'content-type': 'application/json',
27 silly get     'cache-control': 'max-age=0',
27 silly get     'content-length': '2',
27 silly get     'accept-ranges': 'bytes',
27 silly get     date: 'Thu, 18 Aug 2016 14:19:36 GMT',
27 silly get     via: '1.1 varnish',
27 silly get     age: '0',
27 silly get     connection: 'keep-alive',
27 silly get     'x-served-by': 'cache-lcy1120-LCY',
27 silly get     'x-cache': 'MISS',
27 silly get     'x-cache-hits': '0',
27 silly get     'x-timer': 'S1471529976.785544,VS0,VE108',
27 silly get     vary: 'Accept-Encoding' } ]
28 verbose stack Error: Registry returned 404 for GET on https://registry.npmjs.org/child_process
28 verbose stack     at makeError (/usr/local/lib/node_modules/npm/node_modules/npm-registry-client/lib/request.js:264:12)
28 verbose stack     at CachingRegistryClient.<anonymous> (/usr/local/lib/node_modules/npm/node_modules/npm-registry-client/lib/request.js:242:14)
28 verbose stack     at Request._callback (/usr/local/lib/node_modules/npm/node_modules/npm-registry-client/lib/request.js:172:14)
28 verbose stack     at Request.self.callback (/usr/local/lib/node_modules/npm/node_modules/request/request.js:199:22)
28 verbose stack     at emitTwo (events.js:87:13)
28 verbose stack     at Request.emit (events.js:172:7)
28 verbose stack     at Request.<anonymous> (/usr/local/lib/node_modules/npm/node_modules/request/request.js:1036:10)
28 verbose stack     at emitOne (events.js:82:20)
28 verbose stack     at Request.emit (events.js:169:7)
28 verbose stack     at IncomingMessage.<anonymous> (/usr/local/lib/node_modules/npm/node_modules/request/request.js:963:12)
29 verbose statusCode 404
30 verbose pkgid child_process
31 verbose cwd /Users/martyn/node/seneca/api
32 error Darwin 12.6.0
33 error argv "/usr/local/bin/node" "/usr/local/bin/npm" "install" "--save" "child_process"
34 error node v4.4.0
35 error npm  v2.14.20
36 error code E404
37 error 404 Registry returned 404 for GET on https://registry.npmjs.org/child_process
37 error 404
37 error 404 'child_process' is not in the npm registry.
37 error 404 Your package name is not valid, because
37 error 404
37 error 404  1. child_process is a core module name
37 error 404
37 error 404 Note that you can also install from a
37 error 404 tarball, folder, http url, or git url.
38 verbose exit [ 1, true ]
